#
# A fatal error has been detected by the Java Runtime Environment:
#
#  EXCEPTION_ACCESS_VIOLATION (0xc0000005) at pc=0x00007ff8f313a8f7, pid=22604, tid=34104
#
# JRE version: OpenJDK Runtime Environment Temurin-21.0.8+9 (21.0.8+9) (build 21.0.8+9-LTS)
# Java VM: OpenJDK 64-Bit Server VM Temurin-21.0.8+9 (21.0.8+9-LTS, mixed mode, sharing, tiered, compressed oops, compressed class ptrs, parallel gc, windows-amd64)
# Problematic frame:
# V  [jvm.dll+0x22a8f7]
#
# No core dump will be written. Minidumps are not enabled by default on client versions of Windows
#
# If you would like to submit a bug report, please visit:
#   https://github.com/adoptium/adoptium-support/issues
#

---------------  S U M M A R Y ------------

Command Line: --add-modules=ALL-SYSTEM --add-opens=java.base/java.util=ALL-UNNAMED --add-opens=java.base/java.lang=ALL-UNNAMED --add-opens=java.base/sun.nio.fs=ALL-UNNAMED -Declipse.application=org.eclipse.jdt.ls.core.id1 -Dosgi.bundles.defaultStartLevel=4 -Declipse.product=org.eclipse.jdt.ls.core.product -Djava.import.generatesMetadataFilesAtProjectRoot=false -DDetectVMInstallationsJob.disabled=true -Dfile.encoding=utf8 -XX:+UseParallelGC -XX:GCTimeRatio=4 -XX:AdaptiveSizePolicyWeight=90 -Dsun.zip.disableMemoryMapping=true -Xmx2G -Xms100m -Xlog:disable -javaagent:c:\Users\Youcode\.vscode\extensions\redhat.java-1.46.0-win32-x64\lombok\lombok-1.18.39-4050.jar -XX:+HeapDumpOnOutOfMemoryError -XX:HeapDumpPath=c:\Users\Youcode\AppData\Roaming\Code\User\workspaceStorage\156664bb44016c66eebc0b7f9a61daa3\redhat.java -Daether.dependencyCollector.impl=bf c:\Users\Youcode\.vscode\extensions\redhat.java-1.46.0-win32-x64\server\plugins\org.eclipse.equinox.launcher_1.7.0.v20250519-0528.jar -configuration c:\Users\Youcode\AppData\Roaming\Code\User\globalStorage\redhat.java\1.46.0\config_win -data c:\Users\Youcode\AppData\Roaming\Code\User\workspaceStorage\156664bb44016c66eebc0b7f9a61daa3\redhat.java\jdt_ws --pipe=\\.\pipe\lsp-6d1245b0d52c7ea13dc8dd7cadd4c0db-sock

Host: 11th Gen Intel(R) Core(TM) i5-1135G7 @ 2.40GHz, 8 cores, 15G,  Windows 11 , 64 bit Build 26100 (10.0.26100.5074)
Time: Sun Oct  5 12:23:08 2025 elapsed time: 24.034722 seconds (0d 0h 0m 24s)

---------------  T H R E A D  ---------------

Current thread (0x000001e888b8d650):  JavaThread "C2 CompilerThread0" daemon [_thread_in_native, id=34104, stack(0x000000c672f00000,0x000000c673000000) (1024K)]


Current CompileTask:
C2:24034 9128   !   4       java.nio.file.FileTreeWalker::next (144 bytes)

Stack: [0x000000c672f00000,0x000000c673000000],  sp=0x000000c672ffcae0,  free space=1010k
Native frames: (J=compiled Java code, j=interpreted, Vv=VM code, C=native code)
V  [jvm.dll+0x22a8f7]
V  [jvm.dll+0x1e0fd5]
V  [jvm.dll+0x249022]
V  [jvm.dll+0x2484af]
V  [jvm.dll+0x1c89ee]
V  [jvm.dll+0x257d4d]
V  [jvm.dll+0x2562ea]
V  [jvm.dll+0x3f2d16]
V  [jvm.dll+0x857e6b]
V  [jvm.dll+0x6d0b0d]
C  [ucrtbase.dll+0x37b0]
C  [KERNEL32.DLL+0x2e8d7]
C  [ntdll.dll+0x8d9c]


siginfo: EXCEPTION_ACCESS_VIOLATION (0xc0000005), reading address 0x0000000000000000


Registers:
RAX=0x0000000000000000, RBX=0x000001e8eb6c3700, RCX=0x000001e8ea537ed0, RDX=0x000000c672ffd010
RSP=0x000000c672ffcae0, RBP=0x00000000000000de, RSI=0x0000000000000003, RDI=0x0000000000000013
R8 =0x000000c672ffd010, R9 =0x0000000000000000, R10=0x00007ff8f3bad500, R11=0x000000000000299c
R12=0x0000080000000000, R13=0x000000000000001e, R14=0x00000000000000de, R15=0x000000c672ffccb0
RIP=0x00007ff8f313a8f7, EFLAGS=0x0000000000010206

XMM[0]=0x0000000000000000 0x3ee54b8f4d37d886
XMM[1]=0x0000000000000000 0x0000000000000000
XMM[2]=0x0000000000000000 0x0000000000000000
XMM[3]=0x0000000000000000 0x0000000000000000
XMM[4]=0x0000000000000000 0x0000000000000000
XMM[5]=0x0000000000000000 0x0000000000000000
XMM[6]=0x0000000000000000 0x0000000000000000
XMM[7]=0x0000000000000000 0x0000000000000000
XMM[8]=0x0000000000000000 0x0000000000000000
XMM[9]=0x0000000000000000 0x0000000000000000
XMM[10]=0x0000000000000000 0x0000000000000000
XMM[11]=0x0000000000000000 0x0000000000000000
XMM[12]=0x0000000000000000 0x0000000000000000
XMM[13]=0x0000000000000000 0x0000000000000000
XMM[14]=0x0000000000000000 0x0000000000000000
XMM[15]=0x0000000000000000 0x0000000000000000
  MXCSR=0x00001fa0


Register to memory mapping:

RAX=0x0 is null
RBX=0x000001e8eb6c3700 points into unknown readable memory: 0x0000000000000000 | 00 00 00 00 00 00 00 00
RCX=0x000001e8ea537ed0 points into unknown readable memory: 0x00007ff8f3900a58 | 58 0a 90 f3 f8 7f 00 00
RDX=0x000000c672ffd010 is pointing into the stack for thread: 0x000001e888b8d650
RSP=0x000000c672ffcae0 is pointing into the stack for thread: 0x000001e888b8d650
RBP=0x00000000000000de is an unknown value
RSI=0x0000000000000003 is an unknown value
RDI=0x0000000000000013 is an unknown value
R8 =0x000000c672ffd010 is pointing into the stack for thread: 0x000001e888b8d650
R9 =0x0 is null
R10=0x00007ff8f3bad500 jvm.dll
R11=0x000000000000299c is an unknown value
R12=0x0000080000000000 is an unknown value
R13=0x000000000000001e is an unknown value
R14=0x00000000000000de is an unknown value
R15=0x000000c672ffccb0 is pointing into the stack for thread: 0x000001e888b8d650

Top of Stack: (sp=0x000000c672ffcae0)
0x000000c672ffcae0:   000000c672ffd010 000001e8e981d358
0x000000c672ffcaf0:   00000000000003d8 0000000000000bec
0x000000c672ffcb00:   0000000000000000 0000000000000001
0x000000c672ffcb10:   000000c672ffccb0 0000000000000008
0x000000c672ffcb20:   000001e8e6393218 00007ff8f3139b87
0x000000c672ffcb30:   000001e800000bea 000001e8e64ae3d0
0x000000c672ffcb40:   000001e8e981cf80 0000000000000003
0x000000c672ffcb50:   000000c672ffd0f0 0000000000000001
0x000000c672ffcb60:   000001e8e981cf70 000000c672ffd0f0
0x000000c672ffcb70:   0000000000000001 000001e8e981cf80
0x000000c672ffcb80:   00000000000003d8 000001e8e981d358
0x000000c672ffcb90:   000000c672ffcca0 00007ff8f30f0fd5
0x000000c672ffcba0:   000000c672ffccb0 000000c672ffd010
0x000000c672ffcbb0:   000000c6000000eb 0000000000000000
0x000000c672ffcbc0:   000001e800000000 0000000000000000
0x000000c672ffcbd0:   0000000000000007 000001e8e981cf70
0x000000c672ffcbe0:   000001e8e6e18f10 000001e8e6e1a8a0
0x000000c672ffcbf0:   000001e8e6e20ef8 00000000001aa300
0x000000c672ffcc00:   000001e8e981cf80 0000000000000000
0x000000c672ffcc10:   0000000000000000 0000000000000000
0x000000c672ffcc20:   0000000000000010 0000000000008500
0x000000c672ffcc30:   000001e888b7e430 00007ff8f3915208
0x000000c672ffcc40:   0000000000000000 0000000000000000
0x000000c672ffcc50:   0000000000000000 00007ff8f3915208
0x000000c672ffcc60:   0000000000007f00 00007ff8f2fd578e
0x000000c672ffcc70:   00007ff80000000c 000000c672ffe4f0
0x000000c672ffcc80:   000001e8e7887400 000001e888b7e401
0x000000c672ffcc90:   000001e8e9be0a90 000001e800000c12
0x000000c672ffcca0:   000000c672ffcbd0 000001e8e981cf80
0x000000c672ffccb0:   00007ff8f39151b0 000000000000000d
0x000000c672ffccc0:   000000c672ffe4f0 000000c672ffd010
0x000000c672ffccd0:   000001e8e8805930 000001e888b7e430 

Instructions: (pc=0x00007ff8f313a8f7)
0x00007ff8f313a7f7:   ec 80 00 00 00 48 8b e9 48 8b 49 18 48 81 c1 e0
0x00007ff8f313a807:   00 00 00 e8 41 83 fb ff 48 8b 55 18 41 bf 01 00
0x00007ff8f313a817:   00 00 33 ff 44 89 bc 24 d0 00 00 00 44 39 ba e0
0x00007ff8f313a827:   00 00 00 0f 86 88 01 00 00 48 8b 9c 24 c0 00 00
0x00007ff8f313a837:   00 4c 8d 15 c1 2c a7 00 90 4c 8d 82 e0 00 00 00
0x00007ff8f313a847:   49 63 cf 49 8b 40 10 8b 2c 88 41 3b ef 75 05 4c
0x00007ff8f313a857:   8b c2 eb 18 41 8b d7 49 8b c8 e8 5a 89 fb ff 4c
0x00007ff8f313a867:   8b 43 18 4c 8d 15 8f 2c a7 00 8b e8 49 8b d0 44
0x00007ff8f313a877:   3b fd 0f 84 19 01 00 00 49 8b 48 48 83 79 40 00
0x00007ff8f313a887:   0f 86 09 01 00 00 41 8b f7 41 bc 01 00 00 00 48
0x00007ff8f313a897:   c1 ee 06 41 8b cf 83 e6 03 45 8b cf 83 e1 3f 4c
0x00007ff8f313a8a7:   8b bc 24 c0 00 00 00 49 c1 e9 08 44 8b ed 41 83
0x00007ff8f313a8b7:   e5 3f 44 8b f5 49 d3 e4 4c 89 8c 24 d8 00 00 00
0x00007ff8f313a8c7:   66 0f 1f 84 00 00 00 00 00 49 8b 40 48 8b cf 48
0x00007ff8f313a8d7:   8b 40 30 48 8b 0c c8 8b 41 4c ff c8 48 8d 1c 80
0x00007ff8f313a8e7:   49 8b 40 68 48 c1 e3 05 48 03 58 10 48 8b 43 08
0x00007ff8f313a8f7:   4a 8b 0c c8 48 8b 14 f1 4c 85 e2 74 6c 49 8b c4
0x00007ff8f313a907:   48 f7 d0 48 23 c2 48 89 04 f1 ff 0b 85 ed 74 59
0x00007ff8f313a917:   48 8b 43 08 49 8b ce 48 c1 e9 08 48 8b 04 c8 49
0x00007ff8f313a927:   3b c2 75 11 8b d5 48 8b cb e8 bb 38 19 00 4c 8d
0x00007ff8f313a937:   15 c4 2b a7 00 49 8b cd 4d 8b c6 49 c1 e8 06 41
0x00007ff8f313a947:   b9 01 00 00 00 49 d3 e1 41 83 e0 03 4a 8b 14 c0
0x00007ff8f313a957:   48 8b ca 49 0b c9 49 85 d1 4a 89 0c c0 4c 8b 8c
0x00007ff8f313a967:   24 d8 00 00 00 75 02 ff 03 49 8b 57 18 ff c7 4c
0x00007ff8f313a977:   8b c2 48 8b 42 48 3b 78 40 0f 82 4a ff ff ff 44
0x00007ff8f313a987:   8b bc 24 d0 00 00 00 48 8b 9c 24 c0 00 00 00 33
0x00007ff8f313a997:   ff 41 ff c7 44 89 bc 24 d0 00 00 00 44 3b ba e0
0x00007ff8f313a9a7:   00 00 00 0f 82 90 fe ff ff 48 8b ac 24 c0 00 00
0x00007ff8f313a9b7:   00 48 8b 45 10 8b d7 89 54 24 44 8b 88 50 02 00
0x00007ff8f313a9c7:   00 48 8b 45 18 89 4d 20 48 8b 48 48 83 79 40 00
0x00007ff8f313a9d7:   0f 86 e8 0f 00 00 0f 29 74 24 70 f2 0f 10 35 0e
0x00007ff8f313a9e7:   3c 7e 00 66 0f 1f 44 00 00 48 8b 5d 10 8b 83 50 


Stack slot to memory mapping:

stack at sp + 0 slots: 0x000000c672ffd010 is pointing into the stack for thread: 0x000001e888b8d650
stack at sp + 1 slots: 0x000001e8e981d358 points into unknown readable memory: 0x880005b7e457cebd | bd ce 57 e4 b7 05 00 88
stack at sp + 2 slots: 0x00000000000003d8 is an unknown value
stack at sp + 3 slots: 0x0000000000000bec is an unknown value
stack at sp + 4 slots: 0x0 is null
stack at sp + 5 slots: 0x0000000000000001 is an unknown value
stack at sp + 6 slots: 0x000000c672ffccb0 is pointing into the stack for thread: 0x000001e888b8d650
stack at sp + 7 slots: 0x0000000000000008 is an unknown value


---------------  P R O C E S S  ---------------

Threads class SMR info:
_java_thread_list=0x000001e888bbb750, length=42, elements={
0x000001e888c13b90, 0x000001e888b7db40, 0x000001e888b7f960, 0x000001e888b83010,
0x000001e888b83c60, 0x000001e888b88cf0, 0x000001e888b8a810, 0x000001e888b8d650,
0x000001e8e6044ba0, 0x000001e8e60d53c0, 0x000001e8e63208c0, 0x000001e8e6be3f70,
0x000001e8e6bde9f0, 0x000001e8e6e6af70, 0x000001e8e6e6b5d0, 0x000001e8e6dafef0,
0x000001e8e70d0b00, 0x000001e8e760ca10, 0x000001e8e760b660, 0x000001e8e760ddc0,
0x000001e8e760d0a0, 0x000001e8e760d730, 0x000001e8e760a940, 0x000001e8e760afd0,
0x000001e8e760bcf0, 0x000001e8e8e83c10, 0x000001e8e8e821d0, 0x000001e8e8e82860,
0x000001e8e8e842a0, 0x000001e8e8e81b40, 0x000001e8e8e82ef0, 0x000001e8e8e83580,
0x000001e8e8e84930, 0x000001e8e8e814b0, 0x000001e8e8e88440, 0x000001e8e8e84fc0,
0x000001e8e8e87090, 0x000001e8e8e87db0, 0x000001e8e8e86a00, 0x000001e8e95bc6f0,
0x000001e8e84bbda0, 0x000001e8e84bb6d0
}

Java Threads: ( => current thread )
  0x000001e888c13b90 JavaThread "main"                              [_thread_blocked, id=30464, stack(0x000000c672500000,0x000000c672600000) (1024K)]
  0x000001e888b7db40 JavaThread "Reference Handler"          daemon [_thread_blocked, id=17988, stack(0x000000c672900000,0x000000c672a00000) (1024K)]
  0x000001e888b7f960 JavaThread "Finalizer"                  daemon [_thread_blocked, id=7640, stack(0x000000c672a00000,0x000000c672b00000) (1024K)]
  0x000001e888b83010 JavaThread "Signal Dispatcher"          daemon [_thread_blocked, id=4608, stack(0x000000c672b00000,0x000000c672c00000) (1024K)]
  0x000001e888b83c60 JavaThread "Attach Listener"            daemon [_thread_blocked, id=20952, stack(0x000000c672c00000,0x000000c672d00000) (1024K)]
  0x000001e888b88cf0 JavaThread "Service Thread"             daemon [_thread_blocked, id=11408, stack(0x000000c672d00000,0x000000c672e00000) (1024K)]
  0x000001e888b8a810 JavaThread "Monitor Deflation Thread"   daemon [_thread_blocked, id=24908, stack(0x000000c672e00000,0x000000c672f00000) (1024K)]
=>0x000001e888b8d650 JavaThread "C2 CompilerThread0"         daemon [_thread_in_native, id=34104, stack(0x000000c672f00000,0x000000c673000000) (1024K)]
  0x000001e8e6044ba0 JavaThread "C1 CompilerThread0"         daemon [_thread_blocked, id=24212, stack(0x000000c673000000,0x000000c673100000) (1024K)]
  0x000001e8e60d53c0 JavaThread "Common-Cleaner"             daemon [_thread_blocked, id=4464, stack(0x000000c673100000,0x000000c673200000) (1024K)]
  0x000001e8e63208c0 JavaThread "Notification Thread"        daemon [_thread_blocked, id=12680, stack(0x000000c673300000,0x000000c673400000) (1024K)]
  0x000001e8e6be3f70 JavaThread "Active Thread: Equinox Container: c6bc02b7-5012-4cea-91f6-364508a2a293"        [_thread_blocked, id=16984, stack(0x000000c673b00000,0x000000c673c00000) (1024K)]
  0x000001e8e6bde9f0 JavaThread "Refresh Thread: Equinox Container: c6bc02b7-5012-4cea-91f6-364508a2a293" daemon [_thread_blocked, id=23188, stack(0x000000c673c00000,0x000000c673d00000) (1024K)]
  0x000001e8e6e6af70 JavaThread "Framework Event Dispatcher: Equinox Container: c6bc02b7-5012-4cea-91f6-364508a2a293" daemon [_thread_blocked, id=32924, stack(0x000000c673e00000,0x000000c673f00000) (1024K)]
  0x000001e8e6e6b5d0 JavaThread "Start Level: Equinox Container: c6bc02b7-5012-4cea-91f6-364508a2a293" daemon [_thread_blocked, id=32540, stack(0x000000c673f00000,0x000000c674000000) (1024K)]
  0x000001e8e6dafef0 JavaThread "Bundle File Closer"         daemon [_thread_blocked, id=33140, stack(0x000000c674000000,0x000000c674100000) (1024K)]
  0x000001e8e70d0b00 JavaThread "SCR Component Actor"        daemon [_thread_blocked, id=9144, stack(0x000000c674100000,0x000000c674200000) (1024K)]
  0x000001e8e760ca10 JavaThread "Worker-JM"                         [_thread_blocked, id=32236, stack(0x000000c674200000,0x000000c674300000) (1024K)]
  0x000001e8e760b660 JavaThread "JNA Cleaner"                daemon [_thread_blocked, id=32960, stack(0x000000c674300000,0x000000c674400000) (1024K)]
  0x000001e8e760ddc0 JavaThread "Worker-0"                          [_thread_blocked, id=27084, stack(0x000000c674400000,0x000000c674500000) (1024K)]
  0x000001e8e760d0a0 JavaThread "Worker-1"                          [_thread_blocked, id=33596, stack(0x000000c674500000,0x000000c674600000) (1024K)]
  0x000001e8e760d730 JavaThread "Java indexing"              daemon [_thread_blocked, id=32624, stack(0x000000c674600000,0x000000c674700000) (1024K)]
  0x000001e8e760a940 JavaThread "Worker-2"                          [_thread_blocked, id=5092, stack(0x000000c674a00000,0x000000c674b00000) (1024K)]
  0x000001e8e760afd0 JavaThread "Worker-3: Initialize Workspace"        [_thread_in_Java, id=2156, stack(0x000000c674b00000,0x000000c674c00000) (1024K)]
  0x000001e8e760bcf0 JavaThread "Thread-1"                   daemon [_thread_in_native, id=10172, stack(0x000000c674c00000,0x000000c674d00000) (1024K)]
  0x000001e8e8e83c10 JavaThread "Thread-2"                   daemon [_thread_in_native, id=11064, stack(0x000000c674d00000,0x000000c674e00000) (1024K)]
  0x000001e8e8e821d0 JavaThread "Thread-3"                   daemon [_thread_in_native, id=31576, stack(0x000000c674e00000,0x000000c674f00000) (1024K)]
  0x000001e8e8e82860 JavaThread "Thread-4"                   daemon [_thread_in_native, id=20060, stack(0x000000c674f00000,0x000000c675000000) (1024K)]
  0x000001e8e8e842a0 JavaThread "Thread-5"                   daemon [_thread_in_native, id=24776, stack(0x000000c675000000,0x000000c675100000) (1024K)]
  0x000001e8e8e81b40 JavaThread "Thread-6"                   daemon [_thread_in_native, id=33880, stack(0x000000c675100000,0x000000c675200000) (1024K)]
  0x000001e8e8e82ef0 JavaThread "Thread-7"                   daemon [_thread_in_native, id=17012, stack(0x000000c675200000,0x000000c675300000) (1024K)]
  0x000001e8e8e83580 JavaThread "Thread-8"                   daemon [_thread_in_native, id=33136, stack(0x000000c675300000,0x000000c675400000) (1024K)]
  0x000001e8e8e84930 JavaThread "Thread-9"                   daemon [_thread_in_native, id=26984, stack(0x000000c675400000,0x000000c675500000) (1024K)]
  0x000001e8e8e814b0 JavaThread "Worker-4"                          [_thread_blocked, id=3664, stack(0x000000c675500000,0x000000c675600000) (1024K)]
  0x000001e8e8e88440 JavaThread "pool-2-thread-1"                   [_thread_blocked, id=13988, stack(0x000000c675600000,0x000000c675700000) (1024K)]
  0x000001e8e8e84fc0 JavaThread "WorkspaceEventsHandler"            [_thread_blocked, id=30308, stack(0x000000c675700000,0x000000c675800000) (1024K)]
  0x000001e8e8e87090 JavaThread "pool-1-thread-1"                   [_thread_blocked, id=32968, stack(0x000000c675800000,0x000000c675900000) (1024K)]
  0x000001e8e8e87db0 JavaThread "ForkJoinPool.commonPool-worker-1" daemon [_thread_blocked, id=26900, stack(0x000000c675900000,0x000000c675a00000) (1024K)]
  0x000001e8e8e86a00 JavaThread "ForkJoinPool.commonPool-worker-2" daemon [_thread_blocked, id=27100, stack(0x000000c675a00000,0x000000c675b00000) (1024K)]
  0x000001e8e95bc6f0 JavaThread "Worker-5"                          [_thread_blocked, id=28892, stack(0x000000c673400000,0x000000c673500000) (1024K)]
  0x000001e8e84bbda0 JavaThread "C2 CompilerThread1"         daemon [_thread_in_native, id=17140, stack(0x000000c675b00000,0x000000c675c00000) (1024K)]
  0x000001e8e84bb6d0 JavaThread "C2 CompilerThread2"         daemon [_thread_in_native, id=19764, stack(0x000000c675c00000,0x000000c675d00000) (1024K)]
Total: 42

Other Threads:
  0x000001e88681ec20 VMThread "VM Thread"                           [id=19760, stack(0x000000c672800000,0x000000c672900000) (1024K)]
  0x000001e888c810f0 WatcherThread "VM Periodic Task Thread"        [id=3816, stack(0x000000c672700000,0x000000c672800000) (1024K)]
  0x000001e888c31ea0 WorkerThread "GC Thread#0"                     [id=23752, stack(0x000000c672600000,0x000000c672700000) (1024K)]
  0x000001e8e63f8560 WorkerThread "GC Thread#1"                     [id=1824, stack(0x000000c673500000,0x000000c673600000) (1024K)]
  0x000001e8e63f8900 WorkerThread "GC Thread#2"                     [id=31984, stack(0x000000c673600000,0x000000c673700000) (1024K)]
  0x000001e8e65d9860 WorkerThread "GC Thread#3"                     [id=18044, stack(0x000000c673700000,0x000000c673800000) (1024K)]
  0x000001e8e65d9c00 WorkerThread "GC Thread#4"                     [id=33308, stack(0x000000c673800000,0x000000c673900000) (1024K)]
  0x000001e8e65d9fa0 WorkerThread "GC Thread#5"                     [id=34772, stack(0x000000c673900000,0x000000c673a00000) (1024K)]
  0x000001e8e65da340 WorkerThread "GC Thread#6"                     [id=4000, stack(0x000000c673a00000,0x000000c673b00000) (1024K)]
  0x000001e8e6cc5c70 WorkerThread "GC Thread#7"                     [id=32084, stack(0x000000c673d00000,0x000000c673e00000) (1024K)]
Total: 10

Threads with active compile tasks:
C2 CompilerThread0  24113 9128   !   4       java.nio.file.FileTreeWalker::next (144 bytes)
C2 CompilerThread1  24113 9250       4       jdk.internal.jrtfs.JrtPath::getName (6 bytes)
C2 CompilerThread2  24113 9251       4       jdk.internal.jrtfs.JrtPath::getName (116 bytes)
Total: 3

VM state: not at safepoint (normal execution)

VM Mutex/Monitor currently owned by a thread: None

Heap address: 0x0000000080000000, size: 2048 MB, Compressed Oops mode: 32-bit

CDS archive(s) mapped at: [0x000001e8a0000000-0x000001e8a0ba0000-0x000001e8a0ba0000), size 12189696, SharedBaseAddress: 0x000001e8a0000000, ArchiveRelocationMode: 1.
Compressed class space mapped at: 0x000001e8a1000000-0x000001e8e1000000, reserved size: 1073741824
Narrow klass base: 0x000001e8a0000000, Narrow klass shift: 0, Narrow klass range: 0x100000000

GC Precious Log:
 CardTable entry size: 512
 CPUs: 8 total, 8 available
 Memory: 16167M
 Large Page Support: Disabled
 NUMA Support: Disabled
 Compressed Oops: Enabled (32-bit)
 Alignments: Space 512K, Generation 512K, Heap 2M
 Heap Min Capacity: 100M
 Heap Initial Capacity: 100M
 Heap Max Capacity: 2G
 Pre-touch: Disabled
 Parallel Workers: 8

Heap:
 PSYoungGen      total 19968K, used 19512K [0x00000000d5580000, 0x00000000d6c00000, 0x0000000100000000)
  eden space 17920K, 100% used [0x00000000d5580000,0x00000000d6700000,0x00000000d6700000)
  from space 2048K, 77% used [0x00000000d6700000,0x00000000d688e200,0x00000000d6900000)
  to   space 2560K, 0% used [0x00000000d6980000,0x00000000d6980000,0x00000000d6c00000)
 ParOldGen       total 68608K, used 42759K [0x0000000080000000, 0x0000000084300000, 0x00000000d5580000)
  object space 68608K, 62% used [0x0000000080000000,0x00000000829c1c30,0x0000000084300000)
 Metaspace       used 61028K, committed 62400K, reserved 1114112K
  class space    used 6810K, committed 7360K, reserved 1048576K

Card table byte_map: [0x000001e8885b0000,0x000001e8889c0000] _byte_map_base: 0x000001e8881b0000

Marking Bits: (ParMarkBitMap*) 0x00007ff8f3bca340
 Begin Bits: [0x000001e89b0b0000, 0x000001e89d0b0000)
 End Bits:   [0x000001e89d0b0000, 0x000001e89f0b0000)

Polling page: 0x000001e886a20000

Metaspace:

Usage:
  Non-class:     52.95 MB used.
      Class:      6.65 MB used.
       Both:     59.60 MB used.

Virtual space:
  Non-class space:       64.00 MB reserved,      53.75 MB ( 84%) committed,  1 nodes.
      Class space:        1.00 GB reserved,       7.19 MB ( <1%) committed,  1 nodes.
             Both:        1.06 GB reserved,      60.94 MB (  6%) committed. 

Chunk freelists:
   Non-Class:  10.11 MB
       Class:  8.75 MB
        Both:  18.86 MB

MaxMetaspaceSize: unlimited
CompressedClassSpaceSize: 1.00 GB
Initial GC threshold: 21.00 MB
Current GC threshold: 97.31 MB
CDS: on
 - commit_granule_bytes: 65536.
 - commit_granule_words: 8192.
 - virtual_space_node_default_size: 8388608.
 - enlarge_chunks_in_place: 1.
 - use_allocation_guard: 0.


Internal statistics:

num_allocs_failed_limit: 9.
num_arena_births: 1040.
num_arena_deaths: 46.
num_vsnodes_births: 2.
num_vsnodes_deaths: 0.
num_space_committed: 975.
num_space_uncommitted: 0.
num_chunks_returned_to_freelist: 70.
num_chunks_taken_from_freelist: 3679.
num_chunk_merges: 22.
num_chunk_splits: 2271.
num_chunks_enlarged: 1363.
num_inconsistent_stats: 0.

CodeHeap 'non-profiled nmethods': size=120000Kb used=5459Kb max_used=5459Kb free=114540Kb
 bounds [0x000001e8938d0000, 0x000001e893e30000, 0x000001e89ae00000]
CodeHeap 'profiled nmethods': size=120000Kb used=17270Kb max_used=17270Kb free=102729Kb
 bounds [0x000001e88be00000, 0x000001e88cee0000, 0x000001e893330000]
CodeHeap 'non-nmethods': size=5760Kb used=1462Kb max_used=1514Kb free=4297Kb
 bounds [0x000001e893330000, 0x000001e8935a0000, 0x000001e8938d0000]
CodeCache: size=245760Kb, used=24191Kb, max_used=24243Kb, free=221566Kb
 total_blobs=9399, nmethods=8639, adapters=666, full_count=0
Compilation: enabled, stopped_count=0, restarted_count=0

Compilation events (20 events):
Event: 24.007 Thread 0x000001e8e6044ba0 nmethod 9339 0x000001e88cec3990 code [0x000001e88cec3b20, 0x000001e88cec3c48]
Event: 24.008 Thread 0x000001e8e6044ba0 9341 %     3       sun.nio.fs.WindowsPath::hashCode @ 11 (52 bytes)
Event: 24.008 Thread 0x000001e8e84bb6d0 9216       4       jdk.internal.jrtfs.JrtFileSystem::lambda$iteratorOf$2 (20 bytes)
Event: 24.009 Thread 0x000001e8e6044ba0 nmethod 9341% 0x000001e88cec3d10 code [0x000001e88cec3f60, 0x000001e88cec4958]
Event: 24.009 Thread 0x000001e8e6044ba0 9343       2       org.eclipse.core.runtime.Path::computeHashCode (47 bytes)
Event: 24.009 Thread 0x000001e8e6044ba0 nmethod 9343 0x000001e88cec4d90 code [0x000001e88cec4f40, 0x000001e88cec5130]
Event: 24.009 Thread 0x000001e8e6044ba0 9340       2       org.eclipse.jdt.internal.compiler.classfmt.ModuleInfo::readModuleAttribute (1166 bytes)
Event: 24.016 Thread 0x000001e8e6044ba0 nmethod 9340 0x000001e88cec5290 code [0x000001e88cec5760, 0x000001e88cec85c8]
Event: 24.016 Thread 0x000001e8e6044ba0 9342       1       org.eclipse.jdt.internal.compiler.util.ObjectVector::size (5 bytes)
Event: 24.016 Thread 0x000001e8e6044ba0 nmethod 9342 0x000001e893e11510 code [0x000001e893e116a0, 0x000001e893e11768]
Event: 24.019 Thread 0x000001e8e6044ba0 9344       3       org.eclipse.jdt.internal.core.JavaElement::hashCode (28 bytes)
Event: 24.019 Thread 0x000001e8e6044ba0 nmethod 9344 0x000001e88ceca610 code [0x000001e88ceca7c0, 0x000001e88cecaa08]
Event: 24.019 Thread 0x000001e8e6044ba0 9346       2       org.eclipse.jdt.internal.core.JavaModelCache::putInfo (218 bytes)
Event: 24.020 Thread 0x000001e8e6044ba0 nmethod 9346 0x000001e88cecaa90 code [0x000001e88cecad80, 0x000001e88cecb710]
Event: 24.021 Thread 0x000001e8e6044ba0 9345       1       org.eclipse.jdt.internal.core.OpenableElementInfo::getChildren (5 bytes)
Event: 24.021 Thread 0x000001e8e6044ba0 nmethod 9345 0x000001e893e11810 code [0x000001e893e119a0, 0x000001e893e11a68]
Event: 24.025 Thread 0x000001e8e6044ba0 9347       2       java.util.zip.ZipFile$Source$Key::hashCode (46 bytes)
Event: 24.025 Thread 0x000001e8e6044ba0 nmethod 9347 0x000001e88cecbc10 code [0x000001e88cecbde0, 0x000001e88cecc018]
Event: 24.028 Thread 0x000001e8e6044ba0 9348       2       org.eclipse.jdt.internal.compiler.classfmt.ClassFileStruct::<init> (20 bytes)
Event: 24.028 Thread 0x000001e8e6044ba0 nmethod 9348 0x000001e88cecc210 code [0x000001e88cecc3a0, 0x000001e88cecc4d8]

GC Heap History (20 events):
Event: 18.999 GC heap before
{Heap before GC invocations=29 (full 2):
 PSYoungGen      total 22016K, used 14380K [0x00000000d5580000, 0x00000000d7200000, 0x0000000100000000)
  eden space 20992K, 63% used [0x00000000d5580000,0x00000000d628f338,0x00000000d6a00000)
  from space 1024K, 98% used [0x00000000d6d80000,0x00000000d6e7c010,0x00000000d6e80000)
  to   space 3584K, 0% used [0x00000000d6a00000,0x00000000d6a00000,0x00000000d6d80000)
 ParOldGen       total 68608K, used 32760K [0x0000000080000000, 0x0000000084300000, 0x00000000d5580000)
  object space 68608K, 47% used [0x0000000080000000,0x0000000081ffe028,0x0000000084300000)
 Metaspace       used 58364K, committed 59776K, reserved 1114112K
  class space    used 6520K, committed 7104K, reserved 1048576K
}
Event: 19.001 GC heap after
{Heap after GC invocations=29 (full 2):
 PSYoungGen      total 22016K, used 916K [0x00000000d5580000, 0x00000000d6f00000, 0x0000000100000000)
  eden space 20992K, 0% used [0x00000000d5580000,0x00000000d5580000,0x00000000d6a00000)
  from space 1024K, 89% used [0x00000000d6a00000,0x00000000d6ae53f8,0x00000000d6b00000)
  to   space 2048K, 0% used [0x00000000d6d00000,0x00000000d6d00000,0x00000000d6f00000)
 ParOldGen       total 68608K, used 33713K [0x0000000080000000, 0x0000000084300000, 0x00000000d5580000)
  object space 68608K, 49% used [0x0000000080000000,0x00000000820ec780,0x0000000084300000)
 Metaspace       used 58364K, committed 59776K, reserved 1114112K
  class space    used 6520K, committed 7104K, reserved 1048576K
}
Event: 19.001 GC heap before
{Heap before GC invocations=30 (full 3):
 PSYoungGen      total 22016K, used 916K [0x00000000d5580000, 0x00000000d6f00000, 0x0000000100000000)
  eden space 20992K, 0% used [0x00000000d5580000,0x00000000d5580000,0x00000000d6a00000)
  from space 1024K, 89% used [0x00000000d6a00000,0x00000000d6ae53f8,0x00000000d6b00000)
  to   space 2048K, 0% used [0x00000000d6d00000,0x00000000d6d00000,0x00000000d6f00000)
 ParOldGen       total 68608K, used 33713K [0x0000000080000000, 0x0000000084300000, 0x00000000d5580000)
  object space 68608K, 49% used [0x0000000080000000,0x00000000820ec780,0x0000000084300000)
 Metaspace       used 58364K, committed 59776K, reserved 1114112K
  class space    used 6520K, committed 7104K, reserved 1048576K
}
Event: 19.114 GC heap after
{Heap after GC invocations=30 (full 3):
 PSYoungGen      total 22016K, used 0K [0x00000000d5580000, 0x00000000d6f00000, 0x0000000100000000)
  eden space 20992K, 0% used [0x00000000d5580000,0x00000000d5580000,0x00000000d6a00000)
  from space 1024K, 0% used [0x00000000d6a00000,0x00000000d6a00000,0x00000000d6b00000)
  to   space 2048K, 0% used [0x00000000d6d00000,0x00000000d6d00000,0x00000000d6f00000)
 ParOldGen       total 68608K, used 31572K [0x0000000080000000, 0x0000000084300000, 0x00000000d5580000)
  object space 68608K, 46% used [0x0000000080000000,0x0000000081ed52e8,0x0000000084300000)
 Metaspace       used 58358K, committed 59776K, reserved 1114112K
  class space    used 6518K, committed 7104K, reserved 1048576K
}
Event: 19.783 GC heap before
{Heap before GC invocations=31 (full 3):
 PSYoungGen      total 22016K, used 20983K [0x00000000d5580000, 0x00000000d6f00000, 0x0000000100000000)
  eden space 20992K, 99% used [0x00000000d5580000,0x00000000d69fdee0,0x00000000d6a00000)
  from space 1024K, 0% used [0x00000000d6a00000,0x00000000d6a00000,0x00000000d6b00000)
  to   space 2048K, 0% used [0x00000000d6d00000,0x00000000d6d00000,0x00000000d6f00000)
 ParOldGen       total 68608K, used 31572K [0x0000000080000000, 0x0000000084300000, 0x00000000d5580000)
  object space 68608K, 46% used [0x0000000080000000,0x0000000081ed52e8,0x0000000084300000)
 Metaspace       used 59199K, committed 60608K, reserved 1114112K
  class space    used 6628K, committed 7232K, reserved 1048576K
}
Event: 19.785 GC heap after
{Heap after GC invocations=31 (full 3):
 PSYoungGen      total 21504K, used 352K [0x00000000d5580000, 0x00000000d6d80000, 0x0000000100000000)
  eden space 20992K, 0% used [0x00000000d5580000,0x00000000d5580000,0x00000000d6a00000)
  from space 512K, 68% used [0x00000000d6d00000,0x00000000d6d58000,0x00000000d6d80000)
  to   space 1024K, 0% used [0x00000000d6b80000,0x00000000d6b80000,0x00000000d6c80000)
 ParOldGen       total 68608K, used 31580K [0x0000000080000000, 0x0000000084300000, 0x00000000d5580000)
  object space 68608K, 46% used [0x0000000080000000,0x0000000081ed72e8,0x0000000084300000)
 Metaspace       used 59199K, committed 60608K, reserved 1114112K
  class space    used 6628K, committed 7232K, reserved 1048576K
}
Event: 23.392 GC heap before
{Heap before GC invocations=32 (full 3):
 PSYoungGen      total 21504K, used 21344K [0x00000000d5580000, 0x00000000d6d80000, 0x0000000100000000)
  eden space 20992K, 100% used [0x00000000d5580000,0x00000000d6a00000,0x00000000d6a00000)
  from space 512K, 68% used [0x00000000d6d00000,0x00000000d6d58000,0x00000000d6d80000)
  to   space 1024K, 0% used [0x00000000d6b80000,0x00000000d6b80000,0x00000000d6c80000)
 ParOldGen       total 68608K, used 31580K [0x0000000080000000, 0x0000000084300000, 0x00000000d5580000)
  object space 68608K, 46% used [0x0000000080000000,0x0000000081ed72e8,0x0000000084300000)
 Metaspace       used 60409K, committed 61824K, reserved 1114112K
  class space    used 6733K, committed 7296K, reserved 1048576K
}
Event: 23.395 GC heap after
{Heap after GC invocations=32 (full 3):
 PSYoungGen      total 22016K, used 992K [0x00000000d5580000, 0x00000000d6e00000, 0x0000000100000000)
  eden space 20992K, 0% used [0x00000000d5580000,0x00000000d5580000,0x00000000d6a00000)
  from space 1024K, 96% used [0x00000000d6b80000,0x00000000d6c78030,0x00000000d6c80000)
  to   space 1536K, 0% used [0x00000000d6c80000,0x00000000d6c80000,0x00000000d6e00000)
 ParOldGen       total 68608K, used 32164K [0x0000000080000000, 0x0000000084300000, 0x00000000d5580000)
  object space 68608K, 46% used [0x0000000080000000,0x0000000081f692f8,0x0000000084300000)
 Metaspace       used 60409K, committed 61824K, reserved 1114112K
  class space    used 6733K, committed 7296K, reserved 1048576K
}
Event: 23.460 GC heap before
{Heap before GC invocations=33 (full 3):
 PSYoungGen      total 22016K, used 21984K [0x00000000d5580000, 0x00000000d6e00000, 0x0000000100000000)
  eden space 20992K, 100% used [0x00000000d5580000,0x00000000d6a00000,0x00000000d6a00000)
  from space 1024K, 96% used [0x00000000d6b80000,0x00000000d6c78030,0x00000000d6c80000)
  to   space 1536K, 0% used [0x00000000d6c80000,0x00000000d6c80000,0x00000000d6e00000)
 ParOldGen       total 68608K, used 32164K [0x0000000080000000, 0x0000000084300000, 0x00000000d5580000)
  object space 68608K, 46% used [0x0000000080000000,0x0000000081f692f8,0x0000000084300000)
 Metaspace       used 60409K, committed 61824K, reserved 1114112K
  class space    used 6733K, committed 7296K, reserved 1048576K
}
Event: 23.462 GC heap after
{Heap after GC invocations=33 (full 3):
 PSYoungGen      total 22016K, used 1504K [0x00000000d5580000, 0x00000000d7000000, 0x0000000100000000)
  eden space 20480K, 0% used [0x00000000d5580000,0x00000000d5580000,0x00000000d6980000)
  from space 1536K, 97% used [0x00000000d6c80000,0x00000000d6df8010,0x00000000d6e00000)
  to   space 3072K, 0% used [0x00000000d6980000,0x00000000d6980000,0x00000000d6c80000)
 ParOldGen       total 68608K, used 33452K [0x0000000080000000, 0x0000000084300000, 0x00000000d5580000)
  object space 68608K, 48% used [0x0000000080000000,0x00000000820ab318,0x0000000084300000)
 Metaspace       used 60409K, committed 61824K, reserved 1114112K
  class space    used 6733K, committed 7296K, reserved 1048576K
}
Event: 23.590 GC heap before
{Heap before GC invocations=34 (full 3):
 PSYoungGen      total 22016K, used 21984K [0x00000000d5580000, 0x00000000d7000000, 0x0000000100000000)
  eden space 20480K, 100% used [0x00000000d5580000,0x00000000d6980000,0x00000000d6980000)
  from space 1536K, 97% used [0x00000000d6c80000,0x00000000d6df8010,0x00000000d6e00000)
  to   space 3072K, 0% used [0x00000000d6980000,0x00000000d6980000,0x00000000d6c80000)
 ParOldGen       total 68608K, used 33452K [0x0000000080000000, 0x0000000084300000, 0x00000000d5580000)
  object space 68608K, 48% used [0x0000000080000000,0x00000000820ab318,0x0000000084300000)
 Metaspace       used 60807K, committed 62208K, reserved 1114112K
  class space    used 6793K, committed 7360K, reserved 1048576K
}
Event: 23.594 GC heap after
{Heap after GC invocations=34 (full 3):
 PSYoungGen      total 23040K, used 2338K [0x00000000d5580000, 0x00000000d6e80000, 0x0000000100000000)
  eden space 20480K, 0% used [0x00000000d5580000,0x00000000d5580000,0x00000000d6980000)
  from space 2560K, 91% used [0x00000000d6980000,0x00000000d6bc8820,0x00000000d6c00000)
  to   space 2560K, 0% used [0x00000000d6c00000,0x00000000d6c00000,0x00000000d6e80000)
 ParOldGen       total 68608K, used 34916K [0x0000000080000000, 0x0000000084300000, 0x00000000d5580000)
  object space 68608K, 50% used [0x0000000080000000,0x0000000082219318,0x0000000084300000)
 Metaspace       used 60807K, committed 62208K, reserved 1114112K
  class space    used 6793K, committed 7360K, reserved 1048576K
}
Event: 23.723 GC heap before
{Heap before GC invocations=35 (full 3):
 PSYoungGen      total 23040K, used 22818K [0x00000000d5580000, 0x00000000d6e80000, 0x0000000100000000)
  eden space 20480K, 100% used [0x00000000d5580000,0x00000000d6980000,0x00000000d6980000)
  from space 2560K, 91% used [0x00000000d6980000,0x00000000d6bc8820,0x00000000d6c00000)
  to   space 2560K, 0% used [0x00000000d6c00000,0x00000000d6c00000,0x00000000d6e80000)
 ParOldGen       total 68608K, used 34916K [0x0000000080000000, 0x0000000084300000, 0x00000000d5580000)
  object space 68608K, 50% used [0x0000000080000000,0x0000000082219318,0x0000000084300000)
 Metaspace       used 60821K, committed 62208K, reserved 1114112K
  class space    used 6793K, committed 7360K, reserved 1048576K
}
Event: 23.732 GC heap after
{Heap after GC invocations=35 (full 3):
 PSYoungGen      total 23040K, used 2016K [0x00000000d5580000, 0x00000000d6e80000, 0x0000000100000000)
  eden space 20480K, 0% used [0x00000000d5580000,0x00000000d5580000,0x00000000d6980000)
  from space 2560K, 78% used [0x00000000d6c00000,0x00000000d6df8000,0x00000000d6e80000)
  to   space 2560K, 0% used [0x00000000d6980000,0x00000000d6980000,0x00000000d6c00000)
 ParOldGen       total 68608K, used 37067K [0x0000000080000000, 0x0000000084300000, 0x00000000d5580000)
  object space 68608K, 54% used [0x0000000080000000,0x0000000082432c48,0x0000000084300000)
 Metaspace       used 60821K, committed 62208K, reserved 1114112K
  class space    used 6793K, committed 7360K, reserved 1048576K
}
Event: 23.791 GC heap before
{Heap before GC invocations=36 (full 3):
 PSYoungGen      total 23040K, used 22496K [0x00000000d5580000, 0x00000000d6e80000, 0x0000000100000000)
  eden space 20480K, 100% used [0x00000000d5580000,0x00000000d6980000,0x00000000d6980000)
  from space 2560K, 78% used [0x00000000d6c00000,0x00000000d6df8000,0x00000000d6e80000)
  to   space 2560K, 0% used [0x00000000d6980000,0x00000000d6980000,0x00000000d6c00000)
 ParOldGen       total 68608K, used 37067K [0x0000000080000000, 0x0000000084300000, 0x00000000d5580000)
  object space 68608K, 54% used [0x0000000080000000,0x0000000082432c48,0x0000000084300000)
 Metaspace       used 60822K, committed 62208K, reserved 1114112K
  class space    used 6793K, committed 7360K, reserved 1048576K
}
Event: 23.795 GC heap after
{Heap after GC invocations=36 (full 3):
 PSYoungGen      total 22528K, used 1924K [0x00000000d5580000, 0x00000000d6d80000, 0x0000000100000000)
  eden space 20480K, 0% used [0x00000000d5580000,0x00000000d5580000,0x00000000d6980000)
  from space 2048K, 93% used [0x00000000d6980000,0x00000000d6b61000,0x00000000d6b80000)
  to   space 2048K, 0% used [0x00000000d6b80000,0x00000000d6b80000,0x00000000d6d80000)
 ParOldGen       total 68608K, used 39009K [0x0000000080000000, 0x0000000084300000, 0x00000000d5580000)
  object space 68608K, 56% used [0x0000000080000000,0x00000000826185f8,0x0000000084300000)
 Metaspace       used 60822K, committed 62208K, reserved 1114112K
  class space    used 6793K, committed 7360K, reserved 1048576K
}
Event: 23.871 GC heap before
{Heap before GC invocations=37 (full 3):
 PSYoungGen      total 22528K, used 22404K [0x00000000d5580000, 0x00000000d6d80000, 0x0000000100000000)
  eden space 20480K, 100% used [0x00000000d5580000,0x00000000d6980000,0x00000000d6980000)
  from space 2048K, 93% used [0x00000000d6980000,0x00000000d6b61000,0x00000000d6b80000)
  to   space 2048K, 0% used [0x00000000d6b80000,0x00000000d6b80000,0x00000000d6d80000)
 ParOldGen       total 68608K, used 39009K [0x0000000080000000, 0x0000000084300000, 0x00000000d5580000)
  object space 68608K, 56% used [0x0000000080000000,0x00000000826185f8,0x0000000084300000)
 Metaspace       used 60843K, committed 62208K, reserved 1114112K
  class space    used 6793K, committed 7360K, reserved 1048576K
}
Event: 23.876 GC heap after
{Heap after GC invocations=37 (full 3):
 PSYoungGen      total 19968K, used 2016K [0x00000000d5580000, 0x00000000d7280000, 0x0000000100000000)
  eden space 17920K, 0% used [0x00000000d5580000,0x00000000d5580000,0x00000000d6700000)
  from space 2048K, 98% used [0x00000000d6b80000,0x00000000d6d78010,0x00000000d6d80000)
  to   space 4608K, 0% used [0x00000000d6700000,0x00000000d6700000,0x00000000d6b80000)
 ParOldGen       total 68608K, used 40791K [0x0000000080000000, 0x0000000084300000, 0x00000000d5580000)
  object space 68608K, 59% used [0x0000000080000000,0x00000000827d5c20,0x0000000084300000)
 Metaspace       used 60843K, committed 62208K, reserved 1114112K
  class space    used 6793K, committed 7360K, reserved 1048576K
}
Event: 23.954 GC heap before
{Heap before GC invocations=38 (full 3):
 PSYoungGen      total 19968K, used 19936K [0x00000000d5580000, 0x00000000d7280000, 0x0000000100000000)
  eden space 17920K, 100% used [0x00000000d5580000,0x00000000d6700000,0x00000000d6700000)
  from space 2048K, 98% used [0x00000000d6b80000,0x00000000d6d78010,0x00000000d6d80000)
  to   space 4608K, 0% used [0x00000000d6700000,0x00000000d6700000,0x00000000d6b80000)
 ParOldGen       total 68608K, used 40791K [0x0000000080000000, 0x0000000084300000, 0x00000000d5580000)
  object space 68608K, 59% used [0x0000000080000000,0x00000000827d5c20,0x0000000084300000)
 Metaspace       used 60866K, committed 62208K, reserved 1114112K
  class space    used 6793K, committed 7360K, reserved 1048576K
}
Event: 23.959 GC heap after
{Heap after GC invocations=38 (full 3):
 PSYoungGen      total 19968K, used 1592K [0x00000000d5580000, 0x00000000d6c00000, 0x0000000100000000)
  eden space 17920K, 0% used [0x00000000d5580000,0x00000000d5580000,0x00000000d6700000)
  from space 2048K, 77% used [0x00000000d6700000,0x00000000d688e200,0x00000000d6900000)
  to   space 2560K, 0% used [0x00000000d6980000,0x00000000d6980000,0x00000000d6c00000)
 ParOldGen       total 68608K, used 42759K [0x0000000080000000, 0x0000000084300000, 0x00000000d5580000)
  object space 68608K, 62% used [0x0000000080000000,0x00000000829c1c30,0x0000000084300000)
 Metaspace       used 60866K, committed 62208K, reserved 1114112K
  class space    used 6793K, committed 7360K, reserved 1048576K
}

Dll operation events (12 events):
Event: 0.013 Loaded shared library c:\Users\Youcode\.vscode\extensions\redhat.java-1.46.0-win32-x64\jre\21.0.8-win32-x86_64\bin\java.dll
Event: 0.085 Loaded shared library c:\Users\Youcode\.vscode\extensions\redhat.java-1.46.0-win32-x64\jre\21.0.8-win32-x86_64\bin\zip.dll
Event: 0.111 Loaded shared library C:\Users\Youcode\.vscode\extensions\redhat.java-1.46.0-win32-x64\jre\21.0.8-win32-x86_64\bin\instrument.dll
Event: 0.115 Loaded shared library C:\Users\Youcode\.vscode\extensions\redhat.java-1.46.0-win32-x64\jre\21.0.8-win32-x86_64\bin\net.dll
Event: 0.118 Loaded shared library C:\Users\Youcode\.vscode\extensions\redhat.java-1.46.0-win32-x64\jre\21.0.8-win32-x86_64\bin\nio.dll
Event: 0.124 Loaded shared library C:\Users\Youcode\.vscode\extensions\redhat.java-1.46.0-win32-x64\jre\21.0.8-win32-x86_64\bin\zip.dll
Event: 0.146 Loaded shared library C:\Users\Youcode\.vscode\extensions\redhat.java-1.46.0-win32-x64\jre\21.0.8-win32-x86_64\bin\jimage.dll
Event: 0.227 Loaded shared library c:\Users\Youcode\.vscode\extensions\redhat.java-1.46.0-win32-x64\jre\21.0.8-win32-x86_64\bin\verify.dll
Event: 1.710 Loaded shared library C:\Users\Youcode\AppData\Roaming\Code\User\globalStorage\redhat.java\1.46.0\config_win\org.eclipse.equinox.launcher\org.eclipse.equinox.launcher.win32.win32.x86_64_1.2.1400.v20250801-0854\eclipse_11916.dll
Event: 2.930 Loaded shared library C:\Users\Youcode\AppData\Local\Temp\jna-672395884\jna7019801961024798974.dll
Event: 8.522 Loaded shared library C:\Users\Youcode\.vscode\extensions\redhat.java-1.46.0-win32-x64\jre\21.0.8-win32-x86_64\bin\sunmscapi.dll
Event: 9.120 Loaded shared library C:\Users\Youcode\.vscode\extensions\redhat.java-1.46.0-win32-x64\jre\21.0.8-win32-x86_64\bin\extnet.dll

Deoptimization events (20 events):
Event: 23.503 Thread 0x000001e8e760afd0 DEOPT PACKING pc=0x000001e893d7a06c sp=0x000000c674bfcde0
Event: 23.503 Thread 0x000001e8e760afd0 DEOPT UNPACKING pc=0x000001e893386da2 sp=0x000000c674bfcc80 mode 2
Event: 23.677 Thread 0x000001e8e760afd0 Uncommon trap: trap_request=0xffffffc6 fr.pc=0x000001e893d7a06c relative=0x000000000000088c
Event: 23.677 Thread 0x000001e8e760afd0 Uncommon trap: reason=bimorphic_or_optimized_type_check action=maybe_recompile pc=0x000001e893d7a06c method=java.util.stream.AbstractPipeline.exactOutputSizeIfKnown(Ljava/util/Spliterator;)J @ 16 c2
Event: 23.677 Thread 0x000001e8e760afd0 DEOPT PACKING pc=0x000001e893d7a06c sp=0x000000c674bfcde0
Event: 23.677 Thread 0x000001e8e760afd0 DEOPT UNPACKING pc=0x000001e893386da2 sp=0x000000c674bfcc80 mode 2
Event: 23.761 Thread 0x000001e8e760afd0 Uncommon trap: trap_request=0xffffff45 fr.pc=0x000001e893deda84 relative=0x0000000000000444
Event: 23.761 Thread 0x000001e8e760afd0 Uncommon trap: reason=unstable_if action=reinterpret pc=0x000001e893deda84 method=java.util.ArrayList.equalsRange(Ljava/util/List;II)Z @ 41 c2
Event: 23.761 Thread 0x000001e8e760afd0 DEOPT PACKING pc=0x000001e893deda84 sp=0x000000c674bfcae0
Event: 23.761 Thread 0x000001e8e760afd0 DEOPT UNPACKING pc=0x000001e893386da2 sp=0x000000c674bfca70 mode 2
Event: 23.927 Thread 0x000001e8e760afd0 Uncommon trap: trap_request=0xffffff45 fr.pc=0x000001e893e071e4 relative=0x0000000000002ce4
Event: 23.927 Thread 0x000001e8e760afd0 Uncommon trap: reason=unstable_if action=reinterpret pc=0x000001e893e071e4 method=org.eclipse.jdt.internal.core.JarPackageFragmentRoot.initRawPackageInfo(Ljava/util/Map;Ljava/lang/String;Ljava/lang/String;ZLjava/lang/String;)V @ 151 c2
Event: 23.927 Thread 0x000001e8e760afd0 DEOPT PACKING pc=0x000001e893e071e4 sp=0x000000c674bfc8e0
Event: 23.927 Thread 0x000001e8e760afd0 DEOPT UNPACKING pc=0x000001e893386da2 sp=0x000000c674bfc8b8 mode 2
Event: 23.946 Thread 0x000001e8e760afd0 DEOPT PACKING pc=0x000001e88c8a1b0b sp=0x000000c674bfca10
Event: 23.946 Thread 0x000001e8e760afd0 DEOPT UNPACKING pc=0x000001e8933878e2 sp=0x000000c674bfbef8 mode 0
Event: 24.024 Thread 0x000001e8e760afd0 DEOPT PACKING pc=0x000001e88c846267 sp=0x000000c674bfd620
Event: 24.024 Thread 0x000001e8e760afd0 DEOPT UNPACKING pc=0x000001e8933878e2 sp=0x000000c674bfcb90 mode 0
Event: 24.026 Thread 0x000001e8e760afd0 DEOPT PACKING pc=0x000001e88c4b65fb sp=0x000000c674bfda60
Event: 24.026 Thread 0x000001e8e760afd0 DEOPT UNPACKING pc=0x000001e8933878e2 sp=0x000000c674bfced0 mode 0

Classes loaded (20 events):
Event: 23.294 Loading class sun/nio/ch/FileChannelImpl$Unmapper done
Event: 23.294 Loading class sun/nio/ch/FileChannelImpl$DefaultUnmapper done
Event: 23.294 Loading class sun/nio/ch/Util$4
Event: 23.294 Loading class sun/nio/ch/Util$4 done
Event: 23.300 Loading class java/nio/file/ClosedDirectoryStreamException
Event: 23.300 Loading class java/nio/file/ClosedDirectoryStreamException done
Event: 23.300 Loading class jdk/internal/jrtfs/JrtFileSystem
Event: 23.301 Loading class jdk/internal/jrtfs/JrtFileSystem done
Event: 23.301 Loading class jdk/internal/jrtfs/JrtPath
Event: 23.301 Loading class jdk/internal/jrtfs/JrtPath done
Event: 23.301 Loading class jdk/internal/jimage/ImageReader$Node
Event: 23.301 Loading class jdk/internal/jimage/ImageReader$Node done
Event: 23.304 Loading class java/nio/ByteBufferAsIntBufferL
Event: 23.304 Loading class java/nio/ByteBufferAsIntBufferL done
Event: 23.305 Loading class jdk/internal/jimage/ImageReader$Directory
Event: 23.305 Loading class jdk/internal/jimage/ImageReader$Directory done
Event: 23.537 Loading class java/nio/channels/Channels$ReadableByteChannelImpl
Event: 23.537 Loading class java/nio/channels/Channels$ReadableByteChannelImpl done
Event: 23.539 Loading class java/nio/channels/NonWritableChannelException
Event: 23.540 Loading class java/nio/channels/NonWritableChannelException done

Classes unloaded (20 events):
Event: 3.441 Thread 0x000001e88681ec20 Unloading class 0x000001e8a11a4400 'java/lang/invoke/LambdaForm$MH+0x000001e8a11a4400'
Event: 3.441 Thread 0x000001e88681ec20 Unloading class 0x000001e8a11a4000 'java/lang/invoke/LambdaForm$BMH+0x000001e8a11a4000'
Event: 3.441 Thread 0x000001e88681ec20 Unloading class 0x000001e8a11a3c00 'java/lang/invoke/LambdaForm$DMH+0x000001e8a11a3c00'
Event: 3.441 Thread 0x000001e88681ec20 Unloading class 0x000001e8a11a2800 'java/lang/invoke/LambdaForm$DMH+0x000001e8a11a2800'
Event: 4.693 Thread 0x000001e88681ec20 Unloading class 0x000001e8a1395800 'java/lang/invoke/LambdaForm$MH+0x000001e8a1395800'
Event: 4.693 Thread 0x000001e88681ec20 Unloading class 0x000001e8a1394c00 'java/lang/invoke/LambdaForm$MH+0x000001e8a1394c00'
Event: 4.693 Thread 0x000001e88681ec20 Unloading class 0x000001e8a1394400 'java/lang/invoke/LambdaForm$MH+0x000001e8a1394400'
Event: 4.693 Thread 0x000001e88681ec20 Unloading class 0x000001e8a1393c00 'java/lang/invoke/LambdaForm$MH+0x000001e8a1393c00'
Event: 4.693 Thread 0x000001e88681ec20 Unloading class 0x000001e8a1393800 'java/lang/invoke/LambdaForm$DMH+0x000001e8a1393800'
Event: 4.693 Thread 0x000001e88681ec20 Unloading class 0x000001e8a1392c00 'java/lang/invoke/LambdaForm$MH+0x000001e8a1392c00'
Event: 4.693 Thread 0x000001e88681ec20 Unloading class 0x000001e8a138b400 'java/lang/invoke/LambdaForm$MH+0x000001e8a138b400'
Event: 4.693 Thread 0x000001e88681ec20 Unloading class 0x000001e8a138ac00 'java/lang/invoke/LambdaForm$MH+0x000001e8a138ac00'
Event: 4.693 Thread 0x000001e88681ec20 Unloading class 0x000001e8a138a400 'java/lang/invoke/LambdaForm$MH+0x000001e8a138a400'
Event: 4.693 Thread 0x000001e88681ec20 Unloading class 0x000001e8a1389c00 'java/lang/invoke/LambdaForm$MH+0x000001e8a1389c00'
Event: 4.693 Thread 0x000001e88681ec20 Unloading class 0x000001e8a1389400 'java/lang/invoke/LambdaForm$MH+0x000001e8a1389400'
Event: 4.693 Thread 0x000001e88681ec20 Unloading class 0x000001e8a1388c00 'java/lang/invoke/LambdaForm$MH+0x000001e8a1388c00'
Event: 19.016 Thread 0x000001e88681ec20 Unloading class 0x000001e8a165d400 'java/lang/invoke/LambdaForm$DMH+0x000001e8a165d400'
Event: 19.016 Thread 0x000001e88681ec20 Unloading class 0x000001e8a165d000 'java/lang/invoke/LambdaForm$DMH+0x000001e8a165d000'
Event: 19.016 Thread 0x000001e88681ec20 Unloading class 0x000001e8a165cc00 'java/lang/invoke/LambdaForm$DMH+0x000001e8a165cc00'
Event: 19.016 Thread 0x000001e88681ec20 Unloading class 0x000001e8a165c800 'java/lang/invoke/LambdaForm$DMH+0x000001e8a165c800'

Classes redefined (0 events):
No events

Internal exceptions (20 events):
Event: 18.039 Thread 0x000001e8e760afd0 Exception <a 'sun/nio/fs/WindowsException'{0x00000000d6976ac8}> (0x00000000d6976ac8) 
thrown [s\src\hotspot\share\prims\jni.cpp, line 520]
Event: 18.615 Thread 0x000001e8e760ddc0 Exception <a 'sun/nio/fs/WindowsException'{0x00000000d69f4960}> (0x00000000d69f4960) 
thrown [s\src\hotspot\share\prims\jni.cpp, line 520]
Event: 19.972 Thread 0x000001e8e760d730 Exception <a 'sun/nio/fs/WindowsException'{0x00000000d5a69920}> (0x00000000d5a69920) 
thrown [s\src\hotspot\share\prims\jni.cpp, line 520]
Event: 23.013 Thread 0x000001e8e760afd0 Exception <a 'sun/nio/fs/WindowsException'{0x00000000d5b58f68}> (0x00000000d5b58f68) 
thrown [s\src\hotspot\share\prims\jni.cpp, line 520]
Event: 23.013 Thread 0x000001e8e760afd0 Exception <a 'sun/nio/fs/WindowsException'{0x00000000d5b59a80}> (0x00000000d5b59a80) 
thrown [s\src\hotspot\share\prims\jni.cpp, line 520]
Event: 23.015 Thread 0x000001e8e760afd0 Exception <a 'sun/nio/fs/WindowsException'{0x00000000d5b81b08}> (0x00000000d5b81b08) 
thrown [s\src\hotspot\share\prims\jni.cpp, line 520]
Event: 23.017 Thread 0x000001e8e760afd0 Exception <a 'java/io/FileNotFoundException'{0x00000000d5b913b8}> (0x00000000d5b913b8) 
thrown [s\src\hotspot\share\prims\jni.cpp, line 520]
Event: 23.017 Thread 0x000001e8e760afd0 Exception <a 'java/io/FileNotFoundException'{0x00000000d5b927d0}> (0x00000000d5b927d0) 
thrown [s\src\hotspot\share\prims\jni.cpp, line 520]
Event: 23.158 Thread 0x000001e8e760afd0 Exception <a 'sun/nio/fs/WindowsException'{0x00000000d5d70060}> (0x00000000d5d70060) 
thrown [s\src\hotspot\share\prims\jni.cpp, line 520]
Event: 23.187 Thread 0x000001e8e760afd0 Exception <a 'sun/nio/fs/WindowsException'{0x00000000d5dabea0}> (0x00000000d5dabea0) 
thrown [s\src\hotspot\share\prims\jni.cpp, line 520]
Event: 23.187 Thread 0x000001e8e760afd0 Exception <a 'sun/nio/fs/WindowsException'{0x00000000d5dac9b8}> (0x00000000d5dac9b8) 
thrown [s\src\hotspot\share\prims\jni.cpp, line 520]
Event: 23.190 Thread 0x000001e8e760afd0 Exception <a 'sun/nio/fs/WindowsException'{0x00000000d5ddbb38}> (0x00000000d5ddbb38) 
thrown [s\src\hotspot\share\prims\jni.cpp, line 520]
Event: 23.190 Thread 0x000001e8e760afd0 Exception <a 'sun/nio/fs/WindowsException'{0x00000000d5ddc650}> (0x00000000d5ddc650) 
thrown [s\src\hotspot\share\prims\jni.cpp, line 520]
Event: 23.191 Thread 0x000001e8e760afd0 Exception <a 'sun/nio/fs/WindowsException'{0x00000000d5de1ce8}> (0x00000000d5de1ce8) 
thrown [s\src\hotspot\share\prims\jni.cpp, line 520]
Event: 23.191 Thread 0x000001e8e760afd0 Exception <a 'sun/nio/fs/WindowsException'{0x00000000d5de2800}> (0x00000000d5de2800) 
thrown [s\src\hotspot\share\prims\jni.cpp, line 520]
Event: 23.196 Thread 0x000001e8e760afd0 Exception <a 'sun/nio/fs/WindowsException'{0x00000000d5e06270}> (0x00000000d5e06270) 
thrown [s\src\hotspot\share\prims\jni.cpp, line 520]
Event: 23.196 Thread 0x000001e8e760afd0 Exception <a 'sun/nio/fs/WindowsException'{0x00000000d5e06d88}> (0x00000000d5e06d88) 
thrown [s\src\hotspot\share\prims\jni.cpp, line 520]
Event: 23.236 Thread 0x000001e8e760afd0 Exception <a 'sun/nio/fs/WindowsException'{0x00000000d5eb3dc0}> (0x00000000d5eb3dc0) 
thrown [s\src\hotspot\share\prims\jni.cpp, line 520]
Event: 23.236 Thread 0x000001e8e760afd0 Exception <a 'sun/nio/fs/WindowsException'{0x00000000d5eb48d8}> (0x00000000d5eb48d8) 
thrown [s\src\hotspot\share\prims\jni.cpp, line 520]
Event: 23.295 Thread 0x000001e8e760afd0 Exception <a 'java/lang/NoSuchMethodError'{0x00000000d60ac9a0}: 'java.lang.Object java.lang.invoke.DelegatingMethodHandle$Holder.reinvoke_L(java.lang.Object, int, long, java.lang.Object, java.lang.Object, int, java.lang.Object)'> (0x00000000d60ac9a0) 
thrown [s\src\hotspot\share\interpreter\linkResolver.cpp, line 773]

ZGC Phase Switch (0 events):
No events

VM Operations (20 events):
Event: 23.305 Executing VM operation: HandshakeAllThreads (Deoptimize)
Event: 23.305 Executing VM operation: HandshakeAllThreads (Deoptimize) done
Event: 23.331 Executing VM operation: HandshakeAllThreads (Deoptimize)
Event: 23.331 Executing VM operation: HandshakeAllThreads (Deoptimize) done
Event: 23.392 Executing VM operation: ParallelGCFailedAllocation (Allocation Failure)
Event: 23.395 Executing VM operation: ParallelGCFailedAllocation (Allocation Failure) done
Event: 23.460 Executing VM operation: ParallelGCFailedAllocation (Allocation Failure)
Event: 23.462 Executing VM operation: ParallelGCFailedAllocation (Allocation Failure) done
Event: 23.539 Executing VM operation: HandshakeAllThreads (Deoptimize)
Event: 23.539 Executing VM operation: HandshakeAllThreads (Deoptimize) done
Event: 23.590 Executing VM operation: ParallelGCFailedAllocation (Allocation Failure)
Event: 23.594 Executing VM operation: ParallelGCFailedAllocation (Allocation Failure) done
Event: 23.723 Executing VM operation: ParallelGCFailedAllocation (Allocation Failure)
Event: 23.732 Executing VM operation: ParallelGCFailedAllocation (Allocation Failure) done
Event: 23.791 Executing VM operation: ParallelGCFailedAllocation (Allocation Failure)
Event: 23.795 Executing VM operation: ParallelGCFailedAllocation (Allocation Failure) done
Event: 23.871 Executing VM operation: ParallelGCFailedAllocation (Allocation Failure)
Event: 23.876 Executing VM operation: ParallelGCFailedAllocation (Allocation Failure) done
Event: 23.954 Executing VM operation: ParallelGCFailedAllocation (Allocation Failure)
Event: 23.959 Executing VM operation: ParallelGCFailedAllocation (Allocation Failure) done

Memory protections (0 events):
No events

Nmethod flushes (20 events):
Event: 19.039 Thread 0x000001e88681ec20 flushing  nmethod 0x000001e88c5f7b10
Event: 19.039 Thread 0x000001e88681ec20 flushing  nmethod 0x000001e88c5f8210
Event: 19.039 Thread 0x000001e88681ec20 flushing  nmethod 0x000001e88c5f8810
Event: 19.039 Thread 0x000001e88681ec20 flushing  nmethod 0x000001e88c5f9910
Event: 19.039 Thread 0x000001e88681ec20 flushing  nmethod 0x000001e88c5f9c90
Event: 19.039 Thread 0x000001e88681ec20 flushing  nmethod 0x000001e88c5fba10
Event: 19.039 Thread 0x000001e88681ec20 flushing  nmethod 0x000001e88c604390
Event: 19.039 Thread 0x000001e88681ec20 flushing  nmethod 0x000001e88c608f10
Event: 19.039 Thread 0x000001e88681ec20 flushing  nmethod 0x000001e88c613d90
Event: 19.039 Thread 0x000001e88681ec20 flushing  nmethod 0x000001e88c61e010
Event: 19.039 Thread 0x000001e88681ec20 flushing  nmethod 0x000001e88c622a90
Event: 19.039 Thread 0x000001e88681ec20 flushing  nmethod 0x000001e88c62f590
Event: 19.039 Thread 0x000001e88681ec20 flushing  nmethod 0x000001e88c664010
Event: 19.039 Thread 0x000001e88681ec20 flushing  nmethod 0x000001e88c66ae10
Event: 19.039 Thread 0x000001e88681ec20 flushing  nmethod 0x000001e88c67d110
Event: 19.039 Thread 0x000001e88681ec20 flushing  nmethod 0x000001e88c67d410
Event: 19.039 Thread 0x000001e88681ec20 flushing  nmethod 0x000001e88c67fb90
Event: 19.039 Thread 0x000001e88681ec20 flushing  nmethod 0x000001e88c680310
Event: 19.039 Thread 0x000001e88681ec20 flushing  nmethod 0x000001e88c681990
Event: 19.039 Thread 0x000001e88681ec20 flushing  nmethod 0x000001e88c683510

Events (20 events):
Event: 17.224 Thread 0x000001e8e8ac4bc0 Thread exited: 0x000001e8e8ac4bc0
Event: 17.410 Thread 0x000001e8e6044ba0 Thread added: 0x000001e8e8ac5960
Event: 17.531 Thread 0x000001e8e760afd0 Thread added: 0x000001e8e95bc6f0
Event: 17.531 Thread 0x000001e8e760afd0 Thread added: 0x000001e8e95ba620
Event: 17.531 Thread 0x000001e8e760afd0 Thread added: 0x000001e8e95bcd80
Event: 17.532 Thread 0x000001e8e760afd0 Thread added: 0x000001e8e95bacb0
Event: 17.532 Thread 0x000001e8e760afd0 Thread added: 0x000001e8e95bb340
Event: 17.778 Thread 0x000001e8e95bacb0 Thread exited: 0x000001e8e95bacb0
Event: 17.778 Thread 0x000001e8e95ba620 Thread exited: 0x000001e8e95ba620
Event: 17.778 Thread 0x000001e8e95bc6f0 Thread exited: 0x000001e8e95bc6f0
Event: 17.778 Thread 0x000001e8e95bb340 Thread exited: 0x000001e8e95bb340
Event: 17.778 Thread 0x000001e8e95bcd80 Thread exited: 0x000001e8e95bcd80
Event: 17.783 Thread 0x000001e8e8ac5960 Thread exited: 0x000001e8e8ac5960
Event: 18.620 Thread 0x000001e8e760d0a0 Thread added: 0x000001e8e95bc6f0
Event: 19.199 Thread 0x000001e8e6044ba0 Thread added: 0x000001e8e8ac6030
Event: 19.405 Thread 0x000001e8e6044ba0 Thread added: 0x000001e8e8ac4bc0
Event: 21.458 Thread 0x000001e8e8ac4bc0 Thread exited: 0x000001e8e8ac4bc0
Event: 21.458 Thread 0x000001e8e8ac6030 Thread exited: 0x000001e8e8ac6030
Event: 23.324 Thread 0x000001e8e6044ba0 Thread added: 0x000001e8e84bbda0
Event: 23.335 Thread 0x000001e8e6044ba0 Thread added: 0x000001e8e84bb6d0


Dynamic libraries:
0x00007ff6dcfa0000 - 0x00007ff6dcfae000 	c:\Users\Youcode\.vscode\extensions\redhat.java-1.46.0-win32-x64\jre\21.0.8-win32-x86_64\bin\java.exe
0x00007ff980b60000 - 0x00007ff980dc9000 	C:\WINDOWS\SYSTEM32\ntdll.dll
0x00007ff97fec0000 - 0x00007ff97ff89000 	C:\WINDOWS\System32\KERNEL32.DLL
0x00007ff97e530000 - 0x00007ff97e923000 	C:\WINDOWS\System32\KERNELBASE.dll
0x00007ff97dde0000 - 0x00007ff97df2b000 	C:\WINDOWS\System32\ucrtbase.dll
0x00007ff9486c0000 - 0x00007ff9486d8000 	c:\Users\Youcode\.vscode\extensions\redhat.java-1.46.0-win32-x64\jre\21.0.8-win32-x86_64\bin\jli.dll
0x00007ff980950000 - 0x00007ff980b14000 	C:\WINDOWS\System32\USER32.dll
0x00007ff97dcf0000 - 0x00007ff97dd17000 	C:\WINDOWS\System32\win32u.dll
0x00007ff97ef60000 - 0x00007ff97ef8b000 	C:\WINDOWS\System32\GDI32.dll
0x00007ff97e150000 - 0x00007ff97e27d000 	C:\WINDOWS\System32\gdi32full.dll
0x00007ff97e280000 - 0x00007ff97e323000 	C:\WINDOWS\System32\msvcp_win.dll
0x00007ff94a390000 - 0x00007ff94a3ae000 	c:\Users\Youcode\.vscode\extensions\redhat.java-1.46.0-win32-x64\jre\21.0.8-win32-x86_64\bin\VCRUNTIME140.dll
0x00007ff961690000 - 0x00007ff961923000 	C:\WINDOWS\WinSxS\amd64_microsoft.windows.common-controls_6595b64144ccf1df_6.0.26100.5074_none_3e0d6f78e32fd63f\COMCTL32.dll
0x00007ff97fe10000 - 0x00007ff97feb9000 	C:\WINDOWS\System32\msvcrt.dll
0x00007ff980830000 - 0x00007ff98085f000 	C:\WINDOWS\System32\IMM32.DLL
0x00007ff976c20000 - 0x00007ff976c2c000 	c:\Users\Youcode\.vscode\extensions\redhat.java-1.46.0-win32-x64\jre\21.0.8-win32-x86_64\bin\vcruntime140_1.dll
0x00007ff9111b0000 - 0x00007ff91123d000 	c:\Users\Youcode\.vscode\extensions\redhat.java-1.46.0-win32-x64\jre\21.0.8-win32-x86_64\bin\msvcp140.dll
0x00007ff8f2f10000 - 0x00007ff8f3ca7000 	c:\Users\Youcode\.vscode\extensions\redhat.java-1.46.0-win32-x64\jre\21.0.8-win32-x86_64\bin\server\jvm.dll
0x00007ff980770000 - 0x00007ff980824000 	C:\WINDOWS\System32\ADVAPI32.dll
0x00007ff980470000 - 0x00007ff980516000 	C:\WINDOWS\System32\sechost.dll
0x00007ff97efb0000 - 0x00007ff97f0c8000 	C:\WINDOWS\System32\RPCRT4.dll
0x00007ff97ed00000 - 0x00007ff97ed74000 	C:\WINDOWS\System32\WS2_32.dll
0x00007ff97db50000 - 0x00007ff97dbae000 	C:\WINDOWS\SYSTEM32\POWRPROF.dll
0x00007ff9675d0000 - 0x00007ff967605000 	C:\WINDOWS\SYSTEM32\WINMM.dll
0x00007ff96ad80000 - 0x00007ff96ad8b000 	C:\WINDOWS\SYSTEM32\VERSION.dll
0x00007ff97db30000 - 0x00007ff97db44000 	C:\WINDOWS\SYSTEM32\UMPDC.dll
0x00007ff97ca90000 - 0x00007ff97caab000 	C:\WINDOWS\SYSTEM32\kernel.appcore.dll
0x00007ff974340000 - 0x00007ff97434a000 	c:\Users\Youcode\.vscode\extensions\redhat.java-1.46.0-win32-x64\jre\21.0.8-win32-x86_64\bin\jimage.dll
0x00007ff97ac20000 - 0x00007ff97ae62000 	C:\WINDOWS\SYSTEM32\DBGHELP.DLL
0x00007ff97ff90000 - 0x00007ff98030b000 	C:\WINDOWS\System32\combase.dll
0x00007ff980870000 - 0x00007ff980947000 	C:\WINDOWS\System32\OLEAUT32.dll
0x00007ff966ec0000 - 0x00007ff966efd000 	C:\WINDOWS\SYSTEM32\dbgcore.DLL
0x00007ff97e0b0000 - 0x00007ff97e149000 	C:\WINDOWS\System32\bcryptPrimitives.dll
0x00007ff96cb40000 - 0x00007ff96cb4f000 	c:\Users\Youcode\.vscode\extensions\redhat.java-1.46.0-win32-x64\jre\21.0.8-win32-x86_64\bin\instrument.dll
0x00007ff9481c0000 - 0x00007ff9481df000 	c:\Users\Youcode\.vscode\extensions\redhat.java-1.46.0-win32-x64\jre\21.0.8-win32-x86_64\bin\java.dll
0x00007ff97f1e0000 - 0x00007ff97f92d000 	C:\WINDOWS\System32\SHELL32.dll
0x00007ff97e3c0000 - 0x00007ff97e52c000 	C:\WINDOWS\System32\wintypes.dll
0x00007ff97b910000 - 0x00007ff97c169000 	C:\WINDOWS\SYSTEM32\windows.storage.dll
0x00007ff97f0d0000 - 0x00007ff97f1c0000 	C:\WINDOWS\System32\SHCORE.dll
0x00007ff980400000 - 0x00007ff980462000 	C:\WINDOWS\System32\shlwapi.dll
0x00007ff97dc10000 - 0x00007ff97dc39000 	C:\WINDOWS\SYSTEM32\profapi.dll
0x00007ff940080000 - 0x00007ff940098000 	c:\Users\Youcode\.vscode\extensions\redhat.java-1.46.0-win32-x64\jre\21.0.8-win32-x86_64\bin\zip.dll
0x00007ff968da0000 - 0x00007ff968db0000 	C:\Users\Youcode\.vscode\extensions\redhat.java-1.46.0-win32-x64\jre\21.0.8-win32-x86_64\bin\net.dll
0x00007ff977420000 - 0x00007ff97753f000 	C:\WINDOWS\SYSTEM32\WINHTTP.dll
0x00007ff97cff0000 - 0x00007ff97d05b000 	C:\WINDOWS\system32\mswsock.dll
0x00007ff946970000 - 0x00007ff946986000 	C:\Users\Youcode\.vscode\extensions\redhat.java-1.46.0-win32-x64\jre\21.0.8-win32-x86_64\bin\nio.dll
0x00007ff966f70000 - 0x00007ff966f80000 	c:\Users\Youcode\.vscode\extensions\redhat.java-1.46.0-win32-x64\jre\21.0.8-win32-x86_64\bin\verify.dll
0x00007ff95b850000 - 0x00007ff95b894000 	C:\Users\Youcode\AppData\Roaming\Code\User\globalStorage\redhat.java\1.46.0\config_win\org.eclipse.equinox.launcher\org.eclipse.equinox.launcher.win32.win32.x86_64_1.2.1400.v20250801-0854\eclipse_11916.dll
0x00007ff97e930000 - 0x00007ff97eac8000 	C:\WINDOWS\System32\ole32.dll
0x00007ff97d3c0000 - 0x00007ff97d3db000 	C:\WINDOWS\SYSTEM32\CRYPTSP.dll
0x00007ff97c9f0000 - 0x00007ff97ca2b000 	C:\WINDOWS\system32\rsaenh.dll
0x00007ff97d090000 - 0x00007ff97d0bb000 	C:\WINDOWS\SYSTEM32\USERENV.dll
0x00007ff97dbe0000 - 0x00007ff97dc06000 	C:\WINDOWS\SYSTEM32\bcrypt.dll
0x00007ff97d220000 - 0x00007ff97d22c000 	C:\WINDOWS\SYSTEM32\CRYPTBASE.dll
0x00007ff97c540000 - 0x00007ff97c574000 	C:\WINDOWS\SYSTEM32\IPHLPAPI.DLL
0x00007ff980520000 - 0x00007ff98052a000 	C:\WINDOWS\System32\NSI.dll
0x00007ff91b8d0000 - 0x00007ff91b919000 	C:\Users\Youcode\AppData\Local\Temp\jna-672395884\jna7019801961024798974.dll
0x00007ff97f970000 - 0x00007ff97f978000 	C:\WINDOWS\System32\PSAPI.DLL
0x00007ff977580000 - 0x00007ff97759e000 	C:\WINDOWS\SYSTEM32\dhcpcsvc6.DLL
0x00007ff977550000 - 0x00007ff977573000 	C:\WINDOWS\SYSTEM32\dhcpcsvc.DLL
0x00007ff97a850000 - 0x00007ff97a85e000 	C:\Users\Youcode\.vscode\extensions\redhat.java-1.46.0-win32-x64\jre\21.0.8-win32-x86_64\bin\sunmscapi.dll
0x00007ff97df30000 - 0x00007ff97e0a7000 	C:\WINDOWS\System32\CRYPT32.dll
0x00007ff97d510000 - 0x00007ff97d540000 	C:\WINDOWS\SYSTEM32\ncrypt.dll
0x00007ff97d4c0000 - 0x00007ff97d4ff000 	C:\WINDOWS\SYSTEM32\NTASN1.dll
0x00007ff97c580000 - 0x00007ff97c6a6000 	C:\WINDOWS\SYSTEM32\DNSAPI.dll
0x000000005fbb0000 - 0x000000005fbe5000 	C:\Program Files\Bonjour\mdnsNSP.dll
0x00007ff974330000 - 0x00007ff97433b000 	C:\Windows\System32\rasadhlp.dll
0x00007ff977720000 - 0x00007ff9777a6000 	C:\WINDOWS\System32\fwpuclnt.dll
0x00007ff966850000 - 0x00007ff966859000 	C:\Users\Youcode\.vscode\extensions\redhat.java-1.46.0-win32-x64\jre\21.0.8-win32-x86_64\bin\extnet.dll

JVMTI agents:
c:\Users\Youcode\.vscode\extensions\redhat.java-1.46.0-win32-x64\lombok\lombok-1.18.39-4050.jar path:c:\Users\Youcode\.vscode\extensions\redhat.java-1.46.0-win32-x64\jre\21.0.8-win32-x86_64\bin\instrument.dll, loaded, initialized, instrumentlib options:none

dbghelp: loaded successfully - version: 4.0.5 - missing functions: none
symbol engine: initialized successfully - sym options: 0x614 - pdb path: .;c:\Users\Youcode\.vscode\extensions\redhat.java-1.46.0-win32-x64\jre\21.0.8-win32-x86_64\bin;C:\WINDOWS\SYSTEM32;C:\WINDOWS\WinSxS\amd64_microsoft.windows.common-controls_6595b64144ccf1df_6.0.26100.5074_none_3e0d6f78e32fd63f;c:\Users\Youcode\.vscode\extensions\redhat.java-1.46.0-win32-x64\jre\21.0.8-win32-x86_64\bin\server;C:\Users\Youcode\AppData\Roaming\Code\User\globalStorage\redhat.java\1.46.0\config_win\org.eclipse.equinox.launcher\org.eclipse.equinox.launcher.win32.win32.x86_64_1.2.1400.v20250801-0854;C:\Users\Youcode\AppData\Local\Temp\jna-672395884;C:\Program Files\Bonjour

VM Arguments:
jvm_args: --add-modules=ALL-SYSTEM --add-opens=java.base/java.util=ALL-UNNAMED --add-opens=java.base/java.lang=ALL-UNNAMED --add-opens=java.base/sun.nio.fs=ALL-UNNAMED -Declipse.application=org.eclipse.jdt.ls.core.id1 -Dosgi.bundles.defaultStartLevel=4 -Declipse.product=org.eclipse.jdt.ls.core.product -Djava.import.generatesMetadataFilesAtProjectRoot=false -DDetectVMInstallationsJob.disabled=true -Dfile.encoding=utf8 -XX:+UseParallelGC -XX:GCTimeRatio=4 -XX:AdaptiveSizePolicyWeight=90 -Dsun.zip.disableMemoryMapping=true -Xmx2G -Xms100m -Xlog:disable -javaagent:c:\Users\Youcode\.vscode\extensions\redhat.java-1.46.0-win32-x64\lombok\lombok-1.18.39-4050.jar -XX:+HeapDumpOnOutOfMemoryError -XX:HeapDumpPath=c:\Users\Youcode\AppData\Roaming\Code\User\workspaceStorage\156664bb44016c66eebc0b7f9a61daa3\redhat.java -Daether.dependencyCollector.impl=bf 
java_command: c:\Users\Youcode\.vscode\extensions\redhat.java-1.46.0-win32-x64\server\plugins\org.eclipse.equinox.launcher_1.7.0.v20250519-0528.jar -configuration c:\Users\Youcode\AppData\Roaming\Code\User\globalStorage\redhat.java\1.46.0\config_win -data c:\Users\Youcode\AppData\Roaming\Code\User\workspaceStorage\156664bb44016c66eebc0b7f9a61daa3\redhat.java\jdt_ws --pipe=\\.\pipe\lsp-6d1245b0d52c7ea13dc8dd7cadd4c0db-sock
java_class_path (initial): c:\Users\Youcode\.vscode\extensions\redhat.java-1.46.0-win32-x64\server\plugins\org.eclipse.equinox.launcher_1.7.0.v20250519-0528.jar
Launcher Type: SUN_STANDARD

[Global flags]
    uintx AdaptiveSizePolicyWeight                 = 90                                        {product} {command line}
     intx CICompilerCount                          = 4                                         {product} {ergonomic}
    uintx GCTimeRatio                              = 4                                         {product} {command line}
     bool HeapDumpOnOutOfMemoryError               = true                                   {manageable} {command line}
    ccstr HeapDumpPath                             = c:\Users\Youcode\AppData\Roaming\Code\User\workspaceStorage\156664bb44016c66eebc0b7f9a61daa3\redhat.java         {manageable} {command line}
   size_t InitialHeapSize                          = 104857600                                 {product} {command line}
   size_t MaxHeapSize                              = 2147483648                                {product} {command line}
   size_t MaxNewSize                               = 715653120                                 {product} {ergonomic}
   size_t MinHeapDeltaBytes                        = 524288                                    {product} {ergonomic}
   size_t MinHeapSize                              = 104857600                                 {product} {command line}
   size_t NewSize                                  = 34603008                                  {product} {ergonomic}
    uintx NonNMethodCodeHeapSize                   = 5839372                                {pd product} {ergonomic}
    uintx NonProfiledCodeHeapSize                  = 122909434                              {pd product} {ergonomic}
   size_t OldSize                                  = 70254592                                  {product} {ergonomic}
    uintx ProfiledCodeHeapSize                     = 122909434                              {pd product} {ergonomic}
    uintx ReservedCodeCacheSize                    = 251658240                              {pd product} {ergonomic}
     bool SegmentedCodeCache                       = true                                      {product} {ergonomic}
   size_t SoftMaxHeapSize                          = 2147483648                             {manageable} {ergonomic}
     bool UseCompressedOops                        = true                           {product lp64_product} {ergonomic}
     bool UseLargePagesIndividualAllocation        = false                                  {pd product} {ergonomic}
     bool UseParallelGC                            = true                                      {product} {command line}

Logging:
Log output configuration:
 #0: stdout all=off uptime,level,tags foldmultilines=false
 #1: stderr all=off uptime,level,tags foldmultilines=false

Environment Variables:
PATH=C:\Program Files\Common Files\Oracle\Java\javapath;C:\Program Files (x86)\Common Files\Oracle\Java\java8path;C:\Program Files (x86)\Common Files\Oracle\Java\javapath;C:\Users\Youcode\AppData\Roaming\Python\Python312\Scripts;C:\ProgramData\ComposerSetup\bin;C:\Program Files\nodejs\;C:\Program Files\Git\bin;C:\ProgramData\chocolatey\bin;C:\ProgramData\chocolatey\lib\make\tools;C:\mongosh\bin;C:\Program Files\MongoDB\Server\8.0\bin;C:\Windows\System32;C:\Users\Youcode\Downloads\apache-maven-3.9.11-bin;C:\Users\Youcode\AppData\Local\Programs\Python\Python313\Scripts\;C:\Users\Youcode\AppData\Local\Programs\Python\Python313\;C:\Users\Youcode\AppData\Local\Microsoft\WindowsApps;C:\Users\Youcode\AppData\Local\Programs\Microsoft VS Code\bin;C:\xampp\mysql\bin;C:\Users\Youcode\AppData\Roaming\Composer\vendor\bin;C:\Program Files\Docker\Docker\resources\bin;C:\Users\Youcode\AppData\Roaming\npm;C:\Program Files\Git\bin;C:\laragon\bin\php\php-8.3.16-Win32-vs16-x64;C:\Program Files\JetBrains\IntelliJ IDEA 2025.2.3\bin;C:\Users\Youcode\AppData\Local\Microsoft\WinGet\Packages\PHP.PHP.8.3_Microsoft.Winget.Source_8wekyb3d8bbwe;
USERNAME=Youcode
OS=Windows_NT
PROCESSOR_IDENTIFIER=Intel64 Family 6 Model 140 Stepping 1, GenuineIntel
TMP=C:\Users\Youcode\AppData\Local\Temp
TEMP=C:\Users\Youcode\AppData\Local\Temp




Periodic native trim disabled

---------------  S Y S T E M  ---------------

OS:
 Windows 11 , 64 bit Build 26100 (10.0.26100.5074)
OS uptime: 15 days 0:10 hours
Hyper-V role detected

CPU: total 8 (initial active 8) (4 cores per cpu, 2 threads per core) family 6 model 140 stepping 1 microcode 0xa4, cx8, cmov, fxsr, ht, mmx, 3dnowpref, sse, sse2, sse3, ssse3, sse4.1, sse4.2, popcnt, lzcnt, tsc, tscinvbit, avx, avx2, aes, erms, clmul, bmi1, bmi2, adx, avx512f, avx512dq, avx512cd, avx512bw, avx512vl, sha, fma, vzeroupper, avx512_vpopcntdq, avx512_vpclmulqdq, avx512_vaes, avx512_vnni, clflush, clflushopt, clwb, avx512_vbmi2, avx512_vbmi, hv, rdtscp, rdpid, fsrm, gfni, avx512_bitalg, f16c, cet_ibt, cet_ss, avx512_ifma
Processor Information for the first 8 processors :
  Max Mhz: 2419, Current Mhz: 2419, Mhz Limit: 2419

Memory: 4k page, system-wide physical 16167M (4266M free)
TotalPageFile size 28967M (AvailPageFile size 4887M)
current process WorkingSet (physical memory assigned to process): 271M, peak: 282M
current process commit charge ("private bytes"): 362M, peak: 377M

vm_info: OpenJDK 64-Bit Server VM (21.0.8+9-LTS) for windows-amd64 JRE (21.0.8+9-LTS), built on 2025-07-15T00:00:00Z by "admin" with MS VC++ 17.7 (VS2022)

END.
